Change Value of Parameter ComponentLink1URL in Part C22 Old= New=https://yageogroup.com/content/datasheet/asset/file/UPY-GPHC_X7R_6_3V-TO-250V
Change Value of Parameter ComponentLink2URL in Part C22 Old= New=https://www.digikey.com/en/products/detail/yageo/CC0603KRX7R9BB104/2103082?s=N4IgTCBcDaIMwEYEFoFwCztcgcgERAF0BfIA
Change Value of Parameter ComponentLink1URL in Part C25 Old= New=https://yageogroup.com/content/datasheet/asset/file/UPY-GPHC_X7R_6_3V-TO-250V
Change Value of Parameter ComponentLink2URL in Part C25 Old= New=https://www.digikey.com/en/products/detail/yageo/CC0603KRX7R9BB104/2103082?s=N4IgTCBcDaIMwEYEFoFwCztcgcgERAF0BfIA
Change Value of Parameter ComponentLink1URL in Part C27 Old= New=https://yageogroup.com/content/datasheet/asset/file/UPY-GPHC_X7R_6_3V-TO-250V
Change Value of Parameter ComponentLink2URL in Part C27 Old= New=https://www.digikey.com/en/products/detail/yageo/CC0603KRX7R9BB104/2103082?s=N4IgTCBcDaIMwEYEFoFwCztcgcgERAF0BfIA
Change Value of Parameter ComponentLink1URL in Part C28 Old= New=https://search.murata.co.jp/Ceramy/image/img/A01X/G101/ENG/GRM21BZ71H475ME15-01.pdf
Change Value of Parameter ComponentLink2URL in Part C28 Old= New=https://www.digikey.com/en/products/detail/murata-electronics/GRM21BZ71H475ME15K/13904866?s=N4IgTCBcDaIOICUCyYCMAhAWgdlQCQBZsBWJAUVWIGkQBdAXyA
Change Value of Parameter ComponentLink1URL in Part C29 Old= New=https://search.murata.co.jp/Ceramy/image/img/A01X/G101/ENG/GRM21BZ71H475ME15-01.pdf
Change Value of Parameter ComponentLink2URL in Part C29 Old= New=https://www.digikey.com/en/products/detail/murata-electronics/GRM21BZ71H475ME15K/13904866?s=N4IgTCBcDaIOICUCyYCMAhAWgdlQCQBZsBWJAUVWIGkQBdAXyA
Change Value of Parameter ComponentLink1URL in Part C30 Old= New=https://search.murata.co.jp/Ceramy/image/img/A01X/G101/ENG/GRM21BZ71H475ME15-01.pdf
Change Value of Parameter ComponentLink2URL in Part C30 Old= New=https://www.digikey.com/en/products/detail/murata-electronics/GRM21BZ71H475ME15K/13904866?s=N4IgTCBcDaIOICUCyYCMAhAWgdlQCQBZsBWJAUVWIGkQBdAXyA
Change Value of Parameter ComponentLink1URL in Part C31 Old= New=https://search.murata.co.jp/Ceramy/image/img/A01X/G101/ENG/GRM21BZ71H475ME15-01.pdf
Change Value of Parameter ComponentLink2URL in Part C31 Old= New=https://www.digikey.com/en/products/detail/murata-electronics/GRM21BZ71H475ME15K/13904866?s=N4IgTCBcDaIOICUCyYCMAhAWgdlQCQBZsBWJAUVWIGkQBdAXyA
Change Value of Parameter ComponentLink1URL in Part C32 Old= New=https://yageogroup.com/content/datasheet/asset/file/UPY-GPHC_X7R_6_3V-TO-250V
Change Value of Parameter ComponentLink2URL in Part C32 Old= New=https://www.digikey.com/en/products/detail/yageo/CC0603KRX7R9BB104/2103082?s=N4IgTCBcDaIMwEYEFoFwCztcgcgERAF0BfIA
Change Value of Parameter ComponentLink1URL in Part C33 Old= New=https://search.murata.co.jp/Ceramy/image/img/A01X/G101/ENG/GRM21BZ71H475ME15-01.pdf
Change Value of Parameter ComponentLink2URL in Part C33 Old= New=https://www.digikey.com/en/products/detail/murata-electronics/GRM21BZ71H475ME15K/13904866?s=N4IgTCBcDaIOICUCyYCMAhAWgdlQCQBZsBWJAUVWIGkQBdAXyA
Change Value of Parameter ComponentLink1URL in Part C35 Old= New=https://search.murata.co.jp/Ceramy/image/img/A01X/G101/ENG/GRM21BZ71H475ME15-01.pdf
Change Value of Parameter ComponentLink2URL in Part C35 Old= New=https://www.digikey.com/en/products/detail/murata-electronics/GRM21BZ71H475ME15K/13904866?s=N4IgTCBcDaIOICUCyYCMAhAWgdlQCQBZsBWJAUVWIGkQBdAXyA
Change Value of Parameter ComponentLink1URL in Part C36 Old= New=https://search.murata.co.jp/Ceramy/image/img/A01X/G101/ENG/GRM21BZ71H475ME15-01.pdf
Change Value of Parameter ComponentLink2URL in Part C36 Old= New=https://www.digikey.com/en/products/detail/murata-electronics/GRM21BZ71H475ME15K/13904866?s=N4IgTCBcDaIOICUCyYCMAhAWgdlQCQBZsBWJAUVWIGkQBdAXyA
Change Value of Parameter ComponentLink1URL in Part C37 Old= New=https://search.murata.co.jp/Ceramy/image/img/A01X/G101/ENG/GRM21BZ71H475ME15-01.pdf
Change Value of Parameter ComponentLink2URL in Part C37 Old= New=https://www.digikey.com/en/products/detail/murata-electronics/GRM21BZ71H475ME15K/13904866?s=N4IgTCBcDaIOICUCyYCMAhAWgdlQCQBZsBWJAUVWIGkQBdAXyA
Change Value of Parameter ComponentLink1URL in Part C38 Old= New=https://search.murata.co.jp/Ceramy/image/img/A01X/G101/ENG/GRM21BZ71H475ME15-01.pdf
Change Value of Parameter ComponentLink2URL in Part C38 Old= New=https://www.digikey.com/en/products/detail/murata-electronics/GRM21BZ71H475ME15K/13904866?s=N4IgTCBcDaIOICUCyYCMAhAWgdlQCQBZsBWJAUVWIGkQBdAXyA
Change Value of Parameter ComponentLink1URL in Part C39 Old= New=https://yageogroup.com/content/datasheet/asset/file/UPY-GPHC_X7R_6_3V-TO-250V
Change Value of Parameter ComponentLink2URL in Part C39 Old= New=https://www.digikey.com/en/products/detail/yageo/CC0603KRX7R9BB104/2103082?s=N4IgTCBcDaIMwEYEFoFwCztcgcgERAF0BfIA
Change Value of Parameter ComponentLink1URL in Part D3 Old= New=https://mm.digikey.com/Volume0/opasdata/d220001/medias/docus/661/SS12-SS16.pdf
Change Value of Parameter ComponentLink2URL in Part D3 Old= New=https://www.digikey.com/en/products/detail/vishay-general-semiconductor-diodes-division/SS14-M3-5AT/4872626?s=N4IgTCBcDaIMpwIwBYC0BZAzAegKwEEAVEAXQF8g
Change Value of Parameter ComponentLink1URL in Part R12 Old= New=https://yageogroup.com/content/datasheet/asset/file/PYU-RT_1-TO-0-01_ROHS_L
Change Value of Parameter ComponentLink2URL in Part R12 Old= New=https://www.digikey.com/en/products/detail/yageo/RT0603FRD0749R9L/5929087
Change Value of Parameter ComponentLink1URL in Part R14 Old= New=https://yageogroup.com/content/datasheet/asset/file/PYU-RT_1-TO-0-01_ROHS_L
Change Value of Parameter ComponentLink2URL in Part R14 Old= New=https://www.digikey.com/en/products/detail/yageo/RT0603FRE07499KL/5929186?s=N4IgjCBcoMxaBjKAzAhgGwM4FMA0IB7KAbXDBggF18AHAFyhAGU6AnASwDsBzEAX3xgAbPBBJIaLHkIkQMAJwAmACwjqIeoxYce-QQHZlo8ZJz4ikUsrBh9QtbQaRmbLrwEhFABgAcAVmMUDDMZSxBleXkAAgBrAHkACwBbTBB1TWcAVU52OjjkAFlsVEwAV1ZsPRAAWkVAyDZS6QtSeTSParhoMShG5tkwL3b8apFu8T7zWThKDrbx3tYmqbCqDoCFiWD%2BsLr8GY6ITdMd0nIQQTAfC5B9GDrZjzHQdgATRmrBiEdGG7oATxolWcJSQ%2BAAjgDfnw%2BEA
Change Value of Parameter ComponentLink1URL in Part R15 Old= New=https://yageogroup.com/content/datasheet/asset/file/PYU-RT_1-TO-0-01_ROHS_L
Change Value of Parameter ComponentLink2URL in Part R15 Old= New=https://www.digikey.com/en/products/detail/yageo/RT0603FRD0749R9L/5929087
Change Value of Parameter ComponentLink1URL in Part R16 Old= New=https://www.seielect.com/catalog/SEI-RNCF.pdf
Change Value of Parameter ComponentLink2URL in Part R16 Old= New=https://www.digikey.com/en/products/detail/stackpole-electronics-inc/RNCF0603BTE1K00/1710217
Change Value of Parameter ComponentLink1URL in Part R17 Old= New=https://yageogroup.com/content/datasheet/asset/file/PYU-RT_1-TO-0-01_ROHS_L
Change Value of Parameter ComponentLink2URL in Part R17 Old= New=https://www.digikey.com/en/products/detail/yageo/RT0603FRE13100RL/14008216
Change Value of Parameter ComponentLink1URL in Part R18 Old= New=https://yageogroup.com/content/datasheet/asset/file/PYU-RT_1-TO-0-01_ROHS_L
Change Value of Parameter ComponentLink2URL in Part R18 Old= New=https://www.digikey.com/en/products/detail/yageo/RT0603FRE13100RL/14008216
Change Value of Parameter ComponentLink1URL in Part R19 Old= New=https://yageogroup.com/content/datasheet/asset/file/PYU-RT_1-TO-0-01_ROHS_L
Change Value of Parameter ComponentLink2URL in Part R19 Old= New=https://www.digikey.com/en/products/detail/yageo/RT0603FRE0710KL/1075040?s=N4IgTCBcDaIEoBUAMA2JBmAYnAokg7AIxIDSAMiALoC%2BQA
Change Value of Parameter ComponentLink1URL in Part R20 Old= New=https://yageogroup.com/content/datasheet/asset/file/PYU-RT_1-TO-0-01_ROHS_L
Change Value of Parameter ComponentLink2URL in Part R20 Old= New=https://www.digikey.com/en/products/detail/yageo/RT0603FRE0710KL/1075040?s=N4IgTCBcDaIEoBUAMA2JBmAYnAokg7AIxIDSAMiALoC%2BQA
Change Value of Parameter ComponentLink1URL in Part R21 Old= New=https://yageogroup.com/content/datasheet/asset/file/PYU-RT_1-TO-0-01_ROHS_L
Change Value of Parameter ComponentLink2URL in Part R21 Old= New=https://www.digikey.com/en/products/detail/yageo/RT0603FRD0749R9L/5929087
Change Value of Parameter ComponentLink1URL in Part R22 Old= New=https://yageogroup.com/content/datasheet/asset/file/PYU-RT_1-TO-0-01_ROHS_L
Change Value of Parameter ComponentLink2URL in Part R22 Old= New=https://www.digikey.com/en/products/detail/yageo/RT0603FRE13100RL/14008216
Change Value of Parameter ComponentLink1URL in Part R23 Old= New=https://yageogroup.com/content/datasheet/asset/file/PYU-RT_1-TO-0-01_ROHS_L
Change Value of Parameter ComponentLink2URL in Part R23 Old= New=https://www.digikey.com/en/products/detail/yageo/RT0603FRE0710KL/1075040?s=N4IgTCBcDaIEoBUAMA2JBmAYnAokg7AIxIDSAMiALoC%2BQA
Change Value of Parameter ComponentLink1URL in Part R24 Old= New=https://yageogroup.com/content/datasheet/asset/file/PYU-RT_1-TO-0-01_ROHS_L
Change Value of Parameter ComponentLink2URL in Part R24 Old= New=https://www.digikey.com/en/products/detail/yageo/RT0603FRE0710KL/1075040?s=N4IgTCBcDaIEoBUAMA2JBmAYnAokg7AIxIDSAMiALoC%2BQA
Change Value of Parameter ComponentLink1URL in Part R25 Old= New=https://yageogroup.com/content/datasheet/asset/file/PYU-RT_1-TO-0-01_ROHS_L
Change Value of Parameter ComponentLink2URL in Part R25 Old= New=https://www.digikey.com/en/products/detail/yageo/RT0603FRE13100RL/14008216
Change Value of Parameter ComponentLink1URL in Part R26 Old= New=https://yageogroup.com/content/datasheet/asset/file/PYU-RT_1-TO-0-01_ROHS_L
Change Value of Parameter ComponentLink2URL in Part R26 Old= New=https://www.digikey.com/en/products/detail/yageo/RT0603FRE13100RL/14008216
Change Value of Parameter ComponentLink1URL in Part R27 Old= New=https://yageogroup.com/content/datasheet/asset/file/PYU-RT_1-TO-0-01_ROHS_L
Change Value of Parameter ComponentLink2URL in Part R27 Old= New=https://www.digikey.com/en/products/detail/yageo/RT0603FRE0710KL/1075040?s=N4IgTCBcDaIEoBUAMA2JBmAYnAokg7AIxIDSAMiALoC%2BQA
Change Value of Parameter ComponentLink1URL in Part R29 Old= New=https://www.seielect.com/catalog/SEI-RNCF.pdf
Change Value of Parameter ComponentLink2URL in Part R29 Old= New=https://www.digikey.com/en/products/detail/stackpole-electronics-inc/RNCF0603BTE1K00/1710217
Change Value of Parameter ComponentLink1URL in Part R30 Old= New=https://www.seielect.com/catalog/SEI-RNCF.pdf
Change Value of Parameter ComponentLink2URL in Part R30 Old= New=https://www.digikey.com/en/products/detail/stackpole-electronics-inc/RNCF0603BTE1K00/1710217
Change Value of Parameter ComponentLink1URL in Part R31 Old= New=https://www.seielect.com/catalog/SEI-RNCF.pdf
Change Value of Parameter ComponentLink2URL in Part R31 Old= New=https://www.digikey.com/en/products/detail/stackpole-electronics-inc/RNCF0603BTE1K00/1710217
Change Value of Parameter ComponentLink1URL in Part R33 Old= New=https://yageogroup.com/content/datasheet/asset/file/PYU-RT_1-TO-0-01_ROHS_L
Change Value of Parameter ComponentLink2URL in Part R33 Old= New=https://www.digikey.com/en/products/detail/stackpole-electronics-inc/RNCF0603BTE1K00/1710217
Change Value of Parameter ComponentLink1URL in Part R34 Old= New=https://yageogroup.com/content/datasheet/asset/file/PYU-RT_1-TO-0-01_ROHS_L
Change Value of Parameter ComponentLink2URL in Part R34 Old= New=https://www.digikey.com/en/products/detail/stackpole-electronics-inc/RNCF0603BTE1K00/1710217
Change Value of Parameter ComponentLink1URL in Part R35 Old= New=https://yageogroup.com/content/datasheet/asset/file/PYU-RT_1-TO-0-01_ROHS_L
Change Value of Parameter ComponentLink2URL in Part R35 Old= New=https://www.digikey.com/en/products/detail/stackpole-electronics-inc/RNCF0603BTE1K00/1710217
Change Value of Parameter ComponentLink1URL in Part R37 Old= New=https://yageogroup.com/content/datasheet/asset/file/PYU-RT_1-TO-0-01_ROHS_L
Change Value of Parameter ComponentLink2URL in Part R37 Old= New=https://www.digikey.com/en/products/detail/stackpole-electronics-inc/RNCF0603BTE1K00/1710217
Change Value of Parameter ComponentLink1URL in Part R38 Old= New=https://yageogroup.com/content/datasheet/asset/file/PYU-RT_1-TO-0-01_ROHS_L
Change Value of Parameter ComponentLink2URL in Part R38 Old= New=https://www.digikey.com/en/products/detail/stackpole-electronics-inc/RNCF0603BTE1K00/1710217
Change Value of Parameter ComponentLink1URL in Part TR2 Old= New=https://yageogroup.com/content/datasheet/asset/file/PYU-RT_1-TO-0-01_ROHS_L
Change Value of Parameter ComponentLink2URL in Part TR2 Old= New=https://www.digikey.com/en/products/detail/yageo/RT0603FRE0710KL/1075040?s=N4IgTCBcDaIEoBUAMA2JBmAYnAokg7AIxIDSAMiALoC%2BQA
Change Value of Parameter ComponentLink1URL in Part TR3 Old= New=https://www.bourns.com/docs/Product-Datasheets/pvg5.pdf
Change Value of Parameter ComponentLink2URL in Part TR3 Old= New=https://www.digikey.com/en/products/detail/bourns-inc/PVG5A102C03R00/666287
