Change Value of Parameter ComponentLink1URL in Part SW1 Old=https://www.digikey.com/es/products/detail/c-k/JS202011AQN/1640096 New=https://www.nidec-copal-electronics.com/e/catalog/switch/mfs.pdf
Change Value of Parameter ComponentLink2URL in Part SW1 Old=https://www.ckswitches.com/media/1422/js.pdf New=https://www.digikey.com/en/products/detail/nidec-components/MFS201N-9-Z/5086555
Change Value of Parameter ComponentLink1Description in Part SW1 Old=01_Digikey New=A_Digikey
Change Value of Parameter ComponentLink1URL in Part SW1 Old=https://www.digikey.com/es/products/detail/c-k/JS202011AQN/1640096 New=https://www.nidec-copal-electronics.com/e/catalog/switch/mfs.pdf
Change Value of Parameter ComponentLink2Description in Part SW1 Old=02_Datasheet New=B_Datasheet
Change Value of Parameter ComponentLink2URL in Part SW1 Old=https://www.ckswitches.com/media/1422/js.pdf New=https://www.digikey.com/en/products/detail/nidec-components/MFS201N-9-Z/5086555
Change Value of Parameter ComponentLink1Description in Part SW4 Old=01_Digikey New=A_Digikey
Change Value of Parameter ComponentLink1URL in Part SW4 Old=https://www.digikey.com/es/products/detail/c-k/JS202011AQN/1640096 New=https://www.nidec-copal-electronics.com/e/catalog/switch/mfs.pdf
Change Value of Parameter ComponentLink2Description in Part SW4 Old=02_Datasheet New=B_Datasheet
Change Value of Parameter ComponentLink2URL in Part SW4 Old=https://www.ckswitches.com/media/1422/js.pdf New=https://www.digikey.com/en/products/detail/nidec-components/MFS201N-9-Z/5086555
Change Value of Parameter ComponentLink1Description in Part SW4 Old=01_Digikey New=A_Digikey
Change Value of Parameter ComponentLink1URL in Part SW4 Old=https://www.digikey.com/en/products/detail/nidec-components/MFS201N-9-Z/5086555 New=https://www.nidec-copal-electronics.com/e/catalog/switch/mfs.pdf
Change Value of Parameter ComponentLink2Description in Part SW4 Old=02_Datasheet New=B_Datasheet
Change Value of Parameter ComponentLink1Description in Part SW5 Old=01_Digikey New=A_Digikey
Change Value of Parameter ComponentLink1URL in Part SW5 Old=https://www.digikey.com/es/products/detail/c-k/JS202011AQN/1640096 New=https://www.nidec-copal-electronics.com/e/catalog/switch/mfs.pdf
Change Value of Parameter ComponentLink2Description in Part SW5 Old=02_Datasheet New=B_Datasheet
Change Value of Parameter ComponentLink2URL in Part SW5 Old=https://www.ckswitches.com/media/1422/js.pdf New=https://www.digikey.com/en/products/detail/nidec-components/MFS201N-9-Z/5086555
Change Value of Parameter ComponentLink1Description in Part SW5 Old=01_Digikey New=A_Digikey
Change Value of Parameter ComponentLink1URL in Part SW5 Old=https://www.digikey.com/es/products/detail/c-k/JS202011AQN/1640096 New=https://www.nidec-copal-electronics.com/e/catalog/switch/mfs.pdf
Change Value of Parameter ComponentLink2Description in Part SW5 Old=02_Datasheet New=B_Datasheet
Change Value of Parameter ComponentLink2URL in Part SW5 Old=https://www.ckswitches.com/media/1422/js.pdf New=https://www.digikey.com/en/products/detail/nidec-components/MFS201N-9-Z/5086555
Change Value of Parameter ComponentLink1Description in Part SW6 Old=01_Digikey New=A_Digikey
Change Value of Parameter ComponentLink1URL in Part SW6 Old=https://www.digikey.com/es/products/detail/c-k/JS202011AQN/1640096 New=https://www.nidec-copal-electronics.com/e/catalog/switch/mfs.pdf
Change Value of Parameter ComponentLink2Description in Part SW6 Old=02_Datasheet New=B_Datasheet
Change Value of Parameter ComponentLink2URL in Part SW6 Old=https://www.ckswitches.com/media/1422/js.pdf New=https://www.digikey.com/en/products/detail/nidec-components/MFS201N-9-Z/5086555
Change Value of Parameter ComponentLink1Description in Part SW6 Old=01_Digikey New=A_Digikey
Change Value of Parameter ComponentLink1URL in Part SW6 Old=https://www.digikey.com/es/products/detail/c-k/JS202011AQN/1640096 New=https://www.nidec-copal-electronics.com/e/catalog/switch/mfs.pdf
Change Value of Parameter ComponentLink2Description in Part SW6 Old=02_Datasheet New=B_Datasheet
Change Value of Parameter ComponentLink2URL in Part SW6 Old=https://www.ckswitches.com/media/1422/js.pdf New=https://www.digikey.com/en/products/detail/nidec-components/MFS201N-9-Z/5086555
